<?xml version="1.0" encoding="UTF-8"?>
<!-- Generated by org.testng.reporters.JUnitReportReporter -->
<testsuite hostname="DESKTOP-3M9B74R" name="com.qa.test.GetAPITest" tests="1" failures="0" timestamp="5 Jun 2019 09:22:46 GMT" time="2.467" errors="0">
  <testcase name="getTest" time="2.467" classname="com.qa.test.GetAPITest"/>
</testsuite> <!-- com.qa.test.GetAPITest -->
