<?xml version="1.0" encoding="UTF-8"?>
<!-- Generated by org.testng.reporters.JUnitReportReporter -->
<testsuite hostname="claritus" name="CaptureScreenshot" tests="2" failures="0" timestamp="6 Jun 2019 09:08:00 GMT" time="4.504" errors="0">
  <testcase name="teardown" time="2.713" classname="CaptureScreenshot"/>
  <testcase name="captureScreenshot" time="1.791" classname="CaptureScreenshot"/>
</testsuite> <!-- CaptureScreenshot -->
